
Build/temp.elf:     file format elf32-littlearm


Disassembly of section .text:

080000bc <__do_global_dtors_aux>:
 80000bc:	b510      	push	{r4, lr}
 80000be:	4c06      	ldr	r4, [pc, #24]	; (80000d8 <__do_global_dtors_aux+0x1c>)
 80000c0:	7823      	ldrb	r3, [r4, #0]
 80000c2:	2b00      	cmp	r3, #0
 80000c4:	d107      	bne.n	80000d6 <__do_global_dtors_aux+0x1a>
 80000c6:	4b05      	ldr	r3, [pc, #20]	; (80000dc <__do_global_dtors_aux+0x20>)
 80000c8:	2b00      	cmp	r3, #0
 80000ca:	d002      	beq.n	80000d2 <__do_global_dtors_aux+0x16>
 80000cc:	4804      	ldr	r0, [pc, #16]	; (80000e0 <__do_global_dtors_aux+0x24>)
 80000ce:	e000      	b.n	80000d2 <__do_global_dtors_aux+0x16>
 80000d0:	bf00      	nop
 80000d2:	2301      	movs	r3, #1
 80000d4:	7023      	strb	r3, [r4, #0]
 80000d6:	bd10      	pop	{r4, pc}
 80000d8:	20000000 	.word	0x20000000
 80000dc:	00000000 	.word	0x00000000
 80000e0:	080001b0 	.word	0x080001b0

080000e4 <frame_dummy>:
 80000e4:	4b04      	ldr	r3, [pc, #16]	; (80000f8 <frame_dummy+0x14>)
 80000e6:	b510      	push	{r4, lr}
 80000e8:	2b00      	cmp	r3, #0
 80000ea:	d003      	beq.n	80000f4 <frame_dummy+0x10>
 80000ec:	4903      	ldr	r1, [pc, #12]	; (80000fc <frame_dummy+0x18>)
 80000ee:	4804      	ldr	r0, [pc, #16]	; (8000100 <frame_dummy+0x1c>)
 80000f0:	e000      	b.n	80000f4 <frame_dummy+0x10>
 80000f2:	bf00      	nop
 80000f4:	bd10      	pop	{r4, pc}
 80000f6:	46c0      	nop			; (mov r8, r8)
 80000f8:	00000000 	.word	0x00000000
 80000fc:	20000004 	.word	0x20000004
 8000100:	080001b0 	.word	0x080001b0

08000104 <main>:
#include "App_bsp.h"

int main(void)
{
 8000104:	b580      	push	{r7, lr}
 8000106:	af00      	add	r7, sp, #0
    /* code */
    for (; ; )
 8000108:	e7fe      	b.n	8000108 <main+0x4>
	...

0800010c <Reset_Handler>:
 800010c:	480d      	ldr	r0, [pc, #52]	; (8000144 <LoopForever+0x2>)
 800010e:	4685      	mov	sp, r0
 8000110:	480d      	ldr	r0, [pc, #52]	; (8000148 <LoopForever+0x6>)
 8000112:	490e      	ldr	r1, [pc, #56]	; (800014c <LoopForever+0xa>)
 8000114:	4a0e      	ldr	r2, [pc, #56]	; (8000150 <LoopForever+0xe>)
 8000116:	2300      	movs	r3, #0
 8000118:	e002      	b.n	8000120 <LoopCopyDataInit>

0800011a <CopyDataInit>:
 800011a:	58d4      	ldr	r4, [r2, r3]
 800011c:	50c4      	str	r4, [r0, r3]
 800011e:	3304      	adds	r3, #4

08000120 <LoopCopyDataInit>:
 8000120:	18c4      	adds	r4, r0, r3
 8000122:	428c      	cmp	r4, r1
 8000124:	d3f9      	bcc.n	800011a <CopyDataInit>
 8000126:	4a0b      	ldr	r2, [pc, #44]	; (8000154 <LoopForever+0x12>)
 8000128:	4c0b      	ldr	r4, [pc, #44]	; (8000158 <LoopForever+0x16>)
 800012a:	2300      	movs	r3, #0
 800012c:	e001      	b.n	8000132 <LoopFillZerobss>

0800012e <FillZerobss>:
 800012e:	6013      	str	r3, [r2, #0]
 8000130:	3204      	adds	r2, #4

08000132 <LoopFillZerobss>:
 8000132:	42a2      	cmp	r2, r4
 8000134:	d3fb      	bcc.n	800012e <FillZerobss>
 8000136:	f000 f812 	bl	800015e <SystemInit>
 800013a:	f000 f815 	bl	8000168 <__libc_init_array>
 800013e:	f7ff ffe1 	bl	8000104 <main>

08000142 <LoopForever>:
 8000142:	e7fe      	b.n	8000142 <LoopForever>
 8000144:	20008000 	.word	0x20008000
 8000148:	20000000 	.word	0x20000000
 800014c:	20000000 	.word	0x20000000
 8000150:	080001d0 	.word	0x080001d0
 8000154:	20000000 	.word	0x20000000
 8000158:	2000001c 	.word	0x2000001c

0800015c <ADC1_COMP_IRQHandler>:
 800015c:	e7fe      	b.n	800015c <ADC1_COMP_IRQHandler>

0800015e <SystemInit>:
  * @brief  Setup the microcontroller system
  * @param  None
  * @retval None
  */
void SystemInit(void)
{
 800015e:	b580      	push	{r7, lr}
 8000160:	af00      	add	r7, sp, #0
                         before branch to main program. This call is made inside
                         the "startup_stm32f0xx.s" file.
                         User can setups the default system clock (System clock source, PLL Multiplier
                         and Divider factors, AHB/APBx prescalers and Flash settings).
   */
}
 8000162:	46c0      	nop			; (mov r8, r8)
 8000164:	46bd      	mov	sp, r7
 8000166:	bd80      	pop	{r7, pc}

08000168 <__libc_init_array>:
 8000168:	b570      	push	{r4, r5, r6, lr}
 800016a:	2600      	movs	r6, #0
 800016c:	4d0c      	ldr	r5, [pc, #48]	; (80001a0 <__libc_init_array+0x38>)
 800016e:	4c0d      	ldr	r4, [pc, #52]	; (80001a4 <__libc_init_array+0x3c>)
 8000170:	1b64      	subs	r4, r4, r5
 8000172:	10a4      	asrs	r4, r4, #2
 8000174:	42a6      	cmp	r6, r4
 8000176:	d109      	bne.n	800018c <__libc_init_array+0x24>
 8000178:	2600      	movs	r6, #0
 800017a:	f000 f819 	bl	80001b0 <_init>
 800017e:	4d0a      	ldr	r5, [pc, #40]	; (80001a8 <__libc_init_array+0x40>)
 8000180:	4c0a      	ldr	r4, [pc, #40]	; (80001ac <__libc_init_array+0x44>)
 8000182:	1b64      	subs	r4, r4, r5
 8000184:	10a4      	asrs	r4, r4, #2
 8000186:	42a6      	cmp	r6, r4
 8000188:	d105      	bne.n	8000196 <__libc_init_array+0x2e>
 800018a:	bd70      	pop	{r4, r5, r6, pc}
 800018c:	00b3      	lsls	r3, r6, #2
 800018e:	58eb      	ldr	r3, [r5, r3]
 8000190:	4798      	blx	r3
 8000192:	3601      	adds	r6, #1
 8000194:	e7ee      	b.n	8000174 <__libc_init_array+0xc>
 8000196:	00b3      	lsls	r3, r6, #2
 8000198:	58eb      	ldr	r3, [r5, r3]
 800019a:	4798      	blx	r3
 800019c:	3601      	adds	r6, #1
 800019e:	e7f2      	b.n	8000186 <__libc_init_array+0x1e>
 80001a0:	080001c8 	.word	0x080001c8
 80001a4:	080001c8 	.word	0x080001c8
 80001a8:	080001c8 	.word	0x080001c8
 80001ac:	080001cc 	.word	0x080001cc

080001b0 <_init>:
 80001b0:	b5f8      	push	{r3, r4, r5, r6, r7, lr}
 80001b2:	46c0      	nop			; (mov r8, r8)
 80001b4:	bcf8      	pop	{r3, r4, r5, r6, r7}
 80001b6:	bc08      	pop	{r3}
 80001b8:	469e      	mov	lr, r3
 80001ba:	4770      	bx	lr

080001bc <_fini>:
 80001bc:	b5f8      	push	{r3, r4, r5, r6, r7, lr}
 80001be:	46c0      	nop			; (mov r8, r8)
 80001c0:	bcf8      	pop	{r3, r4, r5, r6, r7}
 80001c2:	bc08      	pop	{r3}
 80001c4:	469e      	mov	lr, r3
 80001c6:	4770      	bx	lr
